This is pdfTeX, Version 3.14159265-2.6-1.40.20 (TeX Live 2019/Debian) (preloaded format=pdflatex 2019.6.19)  28 MAR 2020 20:39
entering extended mode
 restricted \write18 enabled.
 %&-line parsing enabled.
**Thesis.tex
(./Thesis.tex
LaTeX2e <2018-12-01>
(./informs3.cls

LaTeX Warning: You have requested document class `informs3',
               but the document class provides `informs2'.

Document Class: informs2 2010/12/20 v0.94 LaTeX document class for articles sub
mitted to INFORMS
(/usr/share/texlive/texmf-dist/tex/latex/amsmath/amsmath.sty
Package: amsmath 2018/12/01 v2.17b AMS math features
\@mathmargin=\skip41

For additional information on amsmath, use the `?' option.
(/usr/share/texlive/texmf-dist/tex/latex/amsmath/amstext.sty
Package: amstext 2000/06/29 v2.01 AMS text

(/usr/share/texlive/texmf-dist/tex/latex/amsmath/amsgen.sty
File: amsgen.sty 1999/11/30 v2.0 generic functions
\@emptytoks=\toks14
\ex@=\dimen102
))
(/usr/share/texlive/texmf-dist/tex/latex/amsmath/amsbsy.sty
Package: amsbsy 1999/11/29 v1.2d Bold Symbols
\pmbraise@=\dimen103
)
(/usr/share/texlive/texmf-dist/tex/latex/amsmath/amsopn.sty
Package: amsopn 2016/03/08 v2.02 operator names
)
\inf@bad=\count80
LaTeX Info: Redefining \frac on input line 223.
\uproot@=\count81
\leftroot@=\count82
LaTeX Info: Redefining \overline on input line 385.
\classnum@=\count83
\DOTSCASE@=\count84
LaTeX Info: Redefining \ldots on input line 482.
LaTeX Info: Redefining \dots on input line 485.
LaTeX Info: Redefining \cdots on input line 606.
\Mathstrutbox@=\box27
\strutbox@=\box28
\big@size=\dimen104
LaTeX Font Info:    Redeclaring font encoding OML on input line 729.
LaTeX Font Info:    Redeclaring font encoding OMS on input line 730.
\macc@depth=\count85
\c@MaxMatrixCols=\count86
\dotsspace@=\muskip10
\c@parentequation=\count87
\dspbrk@lvl=\count88
\tag@help=\toks15
\row@=\count89
\column@=\count90
\maxfields@=\count91
\andhelp@=\toks16
\eqnshift@=\dimen105
\alignsep@=\dimen106
\tagshift@=\dimen107
\tagwidth@=\dimen108
\totwidth@=\dimen109
\lineht@=\dimen110
\@envbody=\toks17
\multlinegap=\skip42
\multlinetaggap=\skip43
\mathdisplay@stack=\toks18
LaTeX Info: Redefining \[ on input line 2844.
LaTeX Info: Redefining \] on input line 2845.
)
(/usr/share/texlive/texmf-dist/tex/latex/amsfonts/amssymb.sty
Package: amssymb 2013/01/14 v3.01 AMS font symbols

(/usr/share/texlive/texmf-dist/tex/latex/amsfonts/amsfonts.sty
Package: amsfonts 2013/01/14 v3.01 Basic AMSFonts support
\symAMSa=\mathgroup4
\symAMSb=\mathgroup5
LaTeX Font Info:    Overwriting math alphabet `\mathfrak' in version `bold'
(Font)                  U/euf/m/n --> U/euf/b/n on input line 106.
))
(/usr/share/texlive/texmf-dist/tex/latex/base/ifthen.sty
Package: ifthen 2014/09/29 v1.1c Standard LaTeX ifthen package (DPC)
)
(/usr/share/texlive/texmf-dist/tex/latex/url/url.sty
\Urlmuskip=\muskip11
Package: url 2013/09/16  ver 3.4  Verb mode for urls, etc.
)
(/usr/share/texlive/texmf-dist/tex/latex/graphics/graphicx.sty
Package: graphicx 2017/06/01 v1.1a Enhanced LaTeX Graphics (DPC,SPQR)

(/usr/share/texlive/texmf-dist/tex/latex/graphics/keyval.sty
Package: keyval 2014/10/28 v1.15 key=value parser (DPC)
\KV@toks@=\toks19
)
(/usr/share/texlive/texmf-dist/tex/latex/graphics/graphics.sty
Package: graphics 2017/06/25 v1.2c Standard LaTeX Graphics (DPC,SPQR)

(/usr/share/texlive/texmf-dist/tex/latex/graphics/trig.sty
Package: trig 2016/01/03 v1.10 sin cos tan (DPC)
)
(/usr/share/texlive/texmf-dist/tex/latex/graphics-cfg/graphics.cfg
File: graphics.cfg 2016/06/04 v1.11 sample graphics configuration
)
Package graphics Info: Driver file: pdftex.def on input line 99.

(/usr/share/texlive/texmf-dist/tex/latex/graphics-def/pdftex.def
File: pdftex.def 2018/01/08 v1.0l Graphics/color driver for pdftex
))
\Gin@req@height=\dimen111
\Gin@req@width=\dimen112
)
(/usr/share/texlive/texmf-dist/tex/latex/graphics/color.sty
Package: color 2016/07/10 v1.1e Standard LaTeX Color (DPC)

(/usr/share/texlive/texmf-dist/tex/latex/graphics-cfg/color.cfg
File: color.cfg 2016/01/02 v1.6 sample color configuration
)
Package color Info: Driver file: pdftex.def on input line 147.
)
(/usr/share/texlive/texmf-dist/tex/latex/tools/array.sty
Package: array 2018/12/30 v2.4k Tabular extension package (FMi)
\col@sep=\dimen113
\ar@mcellbox=\box29
\extrarowheight=\dimen114
\NC@list=\toks20
\extratabsurround=\skip44
\backup@length=\skip45
\ar@cellbox=\box30
)
(/usr/share/texlive/texmf-dist/tex/latex/tools/theorem.sty
Package: theorem 2014/10/28 v2.2c Theorem extension package (FMi)
\theorem@style=\toks21
\theorem@bodyfont=\toks22
\theorempreskipamount=\skip46
\theorempostskipamount=\skip47

(/usr/share/texlive/texmf-dist/tex/latex/tools/thp.sty
File: thp.sty 2014/10/28 v2.2c Theorem extension package (FMi)
))
\symboperators=\mathgroup6
\symbletters=\mathgroup7
\symbsymbols=\mathgroup8
\markwidth=\dimen115
\blth=\dimen116
\marklength=\dimen117
\markdistance=\dimen118
\trimwidth=\dimen119
\trimheight=\dimen120
\auxaaa=\dimen121
\auxbbb=\dimen122
\auxccc=\dimen123
\auxddd=\dimen124
\c@nowappendix=\count92
\@bls=\dimen125
\@em=\dimen126
\tempbox=\box31
\tempdim=\dimen127
\tempdimht=\dimen128
\adim=\dimen129
\c@figure=\count93
\c@table=\count94
\adim=\dimen130
\ABSwidth=\dimen131
\clineHT=\dimen132
\clineDP=\dimen133
\labelwidthi=\dimen134
\labelwidthii=\dimen135
\labelwidthiii=\dimen136
\labelwidthiv=\dimen137
\@maxlistdepth=\count95
\c@part=\count96
\c@chapter=\count97
\c@section=\count98
\c@subsection=\count99
\c@subsubsection=\count100
\c@paragraph=\count101
\c@subparagraph=\count102
\@tempboxa=\box32
\@tempboxb=\box33
)
(/usr/share/texlive/texmf-dist/tex/latex/tools/dcolumn.sty
Package: dcolumn 2014/10/28 v1.06 decimal alignment package (DPC)


Package array Warning: Column D is already defined on input line 81.

) (/usr/share/texlive/texmf-dist/tex/latex/booktabs/booktabs.sty
Package: booktabs 2016/04/27 v1.618033 publication quality tables
\heavyrulewidth=\dimen138
\lightrulewidth=\dimen139
\cmidrulewidth=\dimen140
\belowrulesep=\dimen141
\belowbottomsep=\dimen142
\aboverulesep=\dimen143
\abovetopsep=\dimen144
\cmidrulesep=\dimen145
\cmidrulekern=\dimen146
\defaultaddspace=\dimen147
\@cmidla=\count103
\@cmidlb=\count104
\@aboverulesep=\dimen148
\@belowrulesep=\dimen149
\@thisruleclass=\count105
\@lastruleclass=\count106
\@thisrulewidth=\dimen150
)
(/usr/share/texlive/texmf-dist/tex/latex/algorithms/algorithm.sty
Package: algorithm 2009/08/24 v0.1 Document Style `algorithm' - floating enviro
nment

(/usr/share/texlive/texmf-dist/tex/latex/float/float.sty
Package: float 2001/11/08 v1.3d Float enhancements (AL)
\c@float@type=\count107
\float@exts=\toks23
\float@box=\box34
\@float@everytoks=\toks24
\@floatcapt=\box35
)
\@float@every@algorithm=\toks25
\c@algorithm=\count108
)
(/usr/share/texlive/texmf-dist/tex/latex/algorithms/algorithmic.sty
Package: algorithmic 2009/08/24 v0.1 Document Style `algorithmic'
\c@ALC@unique=\count109
\c@ALC@line=\count110
\c@ALC@rem=\count111
\c@ALC@depth=\count112
\ALC@tlm=\skip48
\algorithmicindent=\skip49
)
(./natbib.sty
Package: natbib 2000/07/24 7.0a (PWD)
\bibhang=\skip50
\bibsep=\skip51
LaTeX Info: Redefining \cite on input line 508.
\c@NAT@ctr=\count113
) (/usr/share/texlive/texmf-dist/tex/latex/caption/caption.sty
Package: caption 2018/10/06 v3.3-154 Customizing captions (AR)

(/usr/share/texlive/texmf-dist/tex/latex/caption/caption3.sty
Package: caption3 2018/09/12 v1.8c caption3 kernel (AR)
Package caption3 Info: TeX engine: e-TeX on input line 64.
\captionmargin=\dimen151
\captionmargin@=\dimen152
\captionwidth=\dimen153
\caption@tempdima=\dimen154
\caption@indent=\dimen155
\caption@parindent=\dimen156
\caption@hangindent=\dimen157
\abovecaptionskip=\skip52
\belowcaptionskip=\skip53
Package caption Info: Unknown document class (or package),
(caption)             standard defaults will be used.
)

Package caption Warning: Unsupported document class (or package) detected,
(caption)                usage of the caption package is not recommended.
See the caption package documentation for explanation.

Package caption Info: \@makecaption = undefined.
\c@caption@flags=\count114
\c@ContinuedFloat=\count115
Package caption Info: float package is loaded.
) (/usr/share/texlive/texmf-dist/tex/latex/oberdiek/epstopdf.sty
Package: epstopdf 2016/05/15 v2.6 Conversion with epstopdf on the fly (HO)

(/usr/share/texlive/texmf-dist/tex/latex/oberdiek/epstopdf-base.sty
Package: epstopdf-base 2016/05/15 v2.6 Base part for package epstopdf

(/usr/share/texlive/texmf-dist/tex/generic/oberdiek/infwarerr.sty
Package: infwarerr 2016/05/16 v1.4 Providing info/warning/error messages (HO)
)
(/usr/share/texlive/texmf-dist/tex/latex/oberdiek/grfext.sty
Package: grfext 2016/05/16 v1.2 Manage graphics extensions (HO)

(/usr/share/texlive/texmf-dist/tex/generic/oberdiek/kvdefinekeys.sty
Package: kvdefinekeys 2016/05/16 v1.4 Define keys (HO)

(/usr/share/texlive/texmf-dist/tex/generic/oberdiek/ltxcmds.sty
Package: ltxcmds 2016/05/16 v1.23 LaTeX kernel commands for general use (HO)
)))
(/usr/share/texlive/texmf-dist/tex/latex/oberdiek/kvoptions.sty
Package: kvoptions 2016/05/16 v3.12 Key value format for package options (HO)

(/usr/share/texlive/texmf-dist/tex/generic/oberdiek/kvsetkeys.sty
Package: kvsetkeys 2016/05/16 v1.17 Key value parser (HO)

(/usr/share/texlive/texmf-dist/tex/generic/oberdiek/etexcmds.sty
Package: etexcmds 2016/05/16 v1.6 Avoid name clashes with e-TeX commands (HO)

(/usr/share/texlive/texmf-dist/tex/generic/oberdiek/ifluatex.sty
Package: ifluatex 2016/05/16 v1.4 Provides the ifluatex switch (HO)
Package ifluatex Info: LuaTeX not detected.
))))
(/usr/share/texlive/texmf-dist/tex/generic/oberdiek/pdftexcmds.sty
Package: pdftexcmds 2018/09/10 v0.29 Utility functions of pdfTeX for LuaTeX (HO
)

(/usr/share/texlive/texmf-dist/tex/generic/oberdiek/ifpdf.sty
Package: ifpdf 2018/09/07 v3.3 Provides the ifpdf switch
)
Package pdftexcmds Info: LuaTeX not detected.
Package pdftexcmds Info: \pdf@primitive is available.
Package pdftexcmds Info: \pdf@ifprimitive is available.
Package pdftexcmds Info: \pdfdraftmode found.
)
Package epstopdf-base Info: Redefining graphics rule for `.eps' on input line 4
38.
Package grfext Info: Graphics extension search list:
(grfext)             [.pdf,.png,.jpg,.mps,.jpeg,.jbig2,.jb2,.PDF,.PNG,.JPG,.JPE
G,.JBIG2,.JB2,.eps]
(grfext)             \AppendGraphicsExtensions on input line 456.

(/usr/share/texlive/texmf-dist/tex/latex/latexconfig/epstopdf-sys.cfg
File: epstopdf-sys.cfg 2010/07/13 v1.3 Configuration of (r)epstopdf for TeX Liv
e
)))
\c@theorem=\count116
\c@lemma=\count117
\c@proposition=\count118
\c@corollary=\count119
\c@claim=\count120
\c@conjecture=\count121
\c@hypothesis=\count122
\c@assumption=\count123
\c@remark=\count124
\c@example=\count125
\c@problem=\count126
\c@definition=\count127
\c@question=\count128
\c@answer=\count129
\c@exercise=\count130
\c@repeattheorem=\count131
\c@repeatlemma=\count132
\c@repeatproposition=\count133
\c@repeatcorollary=\count134
\c@repeatclaim=\count135
\c@repeatconjecture=\count136
\c@repeathypothesis=\count137
\c@repeatassumption=\count138
\c@repeatremark=\count139
\c@repeatexample=\count140
\c@repeatproblem=\count141
\c@repeatdefinition=\count142
\c@repeatquestion=\count143
\c@repeatanswer=\count144
\c@repeatexercise=\count145
   defining Unicode char U+2212 (decimal 8722)

(./Thesis.aux)
\openout1 = `Thesis.aux'.

LaTeX Font Info:    Checking defaults for OML/cmm/m/it on input line 55.
LaTeX Font Info:    ... okay on input line 55.
LaTeX Font Info:    Checking defaults for T1/cmr/m/n on input line 55.
LaTeX Font Info:    ... okay on input line 55.
LaTeX Font Info:    Checking defaults for OT1/cmr/m/n on input line 55.
LaTeX Font Info:    ... okay on input line 55.
LaTeX Font Info:    Checking defaults for OMS/cmsy/m/n on input line 55.
LaTeX Font Info:    ... okay on input line 55.
LaTeX Font Info:    Checking defaults for OMX/cmex/m/n on input line 55.
LaTeX Font Info:    ... okay on input line 55.
LaTeX Font Info:    Checking defaults for U/cmr/m/n on input line 55.
LaTeX Font Info:    ... okay on input line 55.

(/usr/share/texlive/texmf-dist/tex/context/base/mkii/supp-pdf.mkii
[Loading MPS to PDF converter (version 2006.09.02).]
\scratchcounter=\count146
\scratchdimen=\dimen158
\scratchbox=\box36
\nofMPsegments=\count147
\nofMParguments=\count148
\everyMPshowfont=\toks26
\MPscratchCnt=\count149
\MPscratchDim=\dimen159
\MPnumerator=\count150
\makeMPintoPDFobject=\count151
\everyMPtoPDFconversion=\toks27
)
Package caption Info: Begin \AtBeginDocument code.
Package caption Info: End \AtBeginDocument code.
 [1

{/var/lib/texmf/fonts/map/pdftex/updmap/pdftex.map}]
Underfull \hbox (badness 10000) in paragraph at lines 121--122

 []


Underfull \hbox (badness 10000) in paragraph at lines 123--124

 []

[2]
Underfull \hbox (badness 10000) in paragraph at lines 130--131

 []


Underfull \hbox (badness 10000) in paragraph at lines 132--133

 []


Underfull \hbox (badness 10000) in paragraph at lines 134--135

 []


Underfull \hbox (badness 10000) in paragraph at lines 136--137

 []

[3]
Underfull \hbox (badness 10000) in paragraph at lines 142--143

 []

<Images/example_all_ts.jpg, id=19, 1156.32pt x 578.16pt>
File: Images/example_all_ts.jpg Graphic file (type jpg)
<use Images/example_all_ts.jpg>
Package pdftex.def Info: Images/example_all_ts.jpg  used on input line 151.
(pdftex.def)             Requested size: 399.2837pt x 181.43324pt.
<Images/example_ts.jpg, id=20, 867.24pt x 433.62pt>
File: Images/example_ts.jpg Graphic file (type jpg)
<use Images/example_ts.jpg>
Package pdftex.def Info: Images/example_ts.jpg  used on input line 159.
(pdftex.def)             Requested size: 469.75827pt x 226.80699pt.
[4 <./Images/example_all_ts.jpg>]
<Images/boxplot_counts.jpg, id=25, 578.16pt x 289.08pt>
File: Images/boxplot_counts.jpg Graphic file (type jpg)
<use Images/boxplot_counts.jpg>
Package pdftex.def Info: Images/boxplot_counts.jpg  used on input line 167.
(pdftex.def)             Requested size: 469.75385pt x 226.80478pt.
<Images/spatial_demand.jpg, id=26, 1011.78pt x 578.16pt>
File: Images/spatial_demand.jpg Graphic file (type jpg)
<use Images/spatial_demand.jpg>
Package pdftex.def Info: Images/spatial_demand.jpg  used on input line 176.
(pdftex.def)             Requested size: 469.76266pt x 485.99515pt.
 [5 <./Images/example_ts.jpg> <./Images/boxplot_counts.jpg>]
<Images/temp_mean_demand.jpg, id=30, 578.16pt x 289.08pt>
File: Images/temp_mean_demand.jpg Graphic file (type jpg)
<use Images/temp_mean_demand.jpg>
Package pdftex.def Info: Images/temp_mean_demand.jpg  used on input line 186.
(pdftex.def)             Requested size: 446.26086pt x 207.36551pt.
 [6 <./Images/spatial_demand.jpg>]
<Images/pressure_mean_demand.jpg, id=34, 578.16pt x 289.08pt>
File: Images/pressure_mean_demand.jpg Graphic file (type jpg)
<use Images/pressure_mean_demand.jpg>
Package pdftex.def Info: Images/pressure_mean_demand.jpg  used on input line 19
3.
(pdftex.def)             Requested size: 446.26086pt x 207.36551pt.
 [7 <./Images/temp_mean_demand.jpg> <./Images/pressure_mean_demand.jpg>]
Underfull \hbox (badness 10000) in paragraph at lines 204--205

 []


Underfull \hbox (badness 10000) in paragraph at lines 206--207

 []


Underfull \hbox (badness 10000) in paragraph at lines 208--209

 []


Underfull \hbox (badness 10000) in paragraph at lines 220--221

 []

[8]
Underfull \hbox (badness 10000) in paragraph at lines 238--239

 []

[9]
Underfull \hbox (badness 10000) in paragraph at lines 269--270

 []


Underfull \hbox (badness 10000) in paragraph at lines 271--272

 []

[10]
Underfull \hbox (badness 10000) in paragraph at lines 282--283

 []

<Images/forecast_example.jpg, id=55, 578.16pt x 289.08pt>
File: Images/forecast_example.jpg Graphic file (type jpg)
<use Images/forecast_example.jpg>
Package pdftex.def Info: Images/forecast_example.jpg  used on input line 288.
(pdftex.def)             Requested size: 469.75499pt x 234.8769pt.
[11 <./Images/forecast_example.jpg>]
Underfull \hbox (badness 10000) in paragraph at lines 312--313

 []


Underfull \hbox (badness 10000) in paragraph at lines 314--315

 []

[12]
<Images/Full_GLM_resids.jpg, id=62, 481.8pt x 481.8pt>
File: Images/Full_GLM_resids.jpg Graphic file (type jpg)
<use Images/Full_GLM_resids.jpg>
Package pdftex.def Info: Images/Full_GLM_resids.jpg  used on input line 326.
(pdftex.def)             Requested size: 469.77148pt x 453.61252pt.

Underfull \hbox (badness 10000) in paragraph at lines 323--329

 []

<Images/Full_GLM_resids_vs_fitted.jpg, id=63, 481.8pt x 481.8pt>
File: Images/Full_GLM_resids_vs_fitted.jpg Graphic file (type jpg)
<use Images/Full_GLM_resids_vs_fitted.jpg>
Package pdftex.def Info: Images/Full_GLM_resids_vs_fitted.jpg  used on input li
ne 337.
(pdftex.def)             Requested size: 375.81718pt x 324.01pt.

Underfull \hbox (badness 10000) in paragraph at lines 334--340

 []

[13 <./Images/Full_GLM_resids.jpg>] [14 <./Images/Full_GLM_resids_vs_fitted.jpg
>] [15]
<Images/heatmap.jpg, id=74, 1445.4pt x 1445.4pt>
File: Images/heatmap.jpg Graphic file (type jpg)
<use Images/heatmap.jpg>
Package pdftex.def Info: Images/heatmap.jpg  used on input line 364.
(pdftex.def)             Requested size: 469.74944pt x 486.00397pt.
 [16 <./Images/heatmap.jpg>]
Underfull \hbox (badness 10000) in paragraph at lines 378--379

 []


Underfull \hbox (badness 10000) in paragraph at lines 388--390

 []

[17]
Underfull \hbox (badness 10000) in paragraph at lines 403--404

 []

[18]
<Images/Full_VAR_diff_resids.jpg, id=84, 481.8pt x 481.8pt>
File: Images/Full_VAR_diff_resids.jpg Graphic file (type jpg)
<use Images/Full_VAR_diff_resids.jpg>
Package pdftex.def Info: Images/Full_VAR_diff_resids.jpg  used on input line 41
9.
(pdftex.def)             Requested size: 375.81718pt x 272.16603pt.
 [19 <./Images/Full_VAR_diff_resids.jpg>]
<Images/Full_VARX_diff_resids.jpg, id=89, 481.8pt x 481.8pt>
File: Images/Full_VARX_diff_resids.jpg Graphic file (type jpg)
<use Images/Full_VARX_diff_resids.jpg>
Package pdftex.def Info: Images/Full_VARX_diff_resids.jpg  used on input line 4
27.
(pdftex.def)             Requested size: 375.81718pt x 272.16603pt.
 [20 <./Images/Full_VARX_diff_resids.jpg>]
Underfull \hbox (badness 10000) in paragraph at lines 468--469

 []


Underfull \hbox (badness 10000) in paragraph at lines 470--471

 []


Underfull \hbox (badness 10000) in paragraph at lines 483--484

 []

[21]
Underfull \hbox (badness 10000) in paragraph at lines 498--499

 []


Underfull \hbox (badness 10000) in paragraph at lines 504--505

 []


Underfull \hbox (badness 10000) in paragraph at lines 506--507

 []


Underfull \hbox (badness 10000) in paragraph at lines 508--509

 []

[22]
Underfull \hbox (badness 10000) in paragraph at lines 514--515

 []


Underfull \hbox (badness 10000) in paragraph at lines 522--523

 []


Underfull \hbox (badness 10000) in paragraph at lines 526--527

 []


Underfull \hbox (badness 10000) in paragraph at lines 528--529

 []

[23]
Underfull \hbox (badness 10000) in paragraph at lines 583--585

 []

[24] [25]
<Images/DTW_Plot.jpg, id=112, 481.8pt x 481.8pt>
File: Images/DTW_Plot.jpg Graphic file (type jpg)
<use Images/DTW_Plot.jpg>
Package pdftex.def Info: Images/DTW_Plot.jpg  used on input line 656.
(pdftex.def)             Requested size: 375.81718pt x 324.01pt.
 [26 <./Images/DTW_Plot.jpg>]
<Images/cluster_corr_heatmap.jpg, id=116, 1011.78pt x 1011.78pt>
File: Images/cluster_corr_heatmap.jpg Graphic file (type jpg)
<use Images/cluster_corr_heatmap.jpg>
Package pdftex.def Info: Images/cluster_corr_heatmap.jpg  used on input line 68
6.
(pdftex.def)             Requested size: 469.76266pt x 401.75607pt.
 [27 <./Images/cluster_corr_heatmap.jpg>]
Underfull \hbox (badness 10000) in paragraph at lines 699--700

 []


Underfull \hbox (badness 10000) in paragraph at lines 706--707

 []

[28] [29] [30]
<Images/Cluster_Combi_MSE_plot.jpg, id=129, 481.8pt x 481.8pt>
File: Images/Cluster_Combi_MSE_plot.jpg Graphic file (type jpg)
<use Images/Cluster_Combi_MSE_plot.jpg>
Package pdftex.def Info: Images/Cluster_Combi_MSE_plot.jpg  used on input line 
815.
(pdftex.def)             Requested size: 469.77148pt x 388.81493pt.
<Images/Cluster_Combi_quad_plot.jpg, id=130, 481.8pt x 481.8pt>
File: Images/Cluster_Combi_quad_plot.jpg Graphic file (type jpg)
<use Images/Cluster_Combi_quad_plot.jpg>
Package pdftex.def Info: Images/Cluster_Combi_quad_plot.jpg  used on input line
 822.
(pdftex.def)             Requested size: 469.77148pt x 388.81493pt.

Underfull \vbox (badness 10000) has occurred while \output is active []

 [31 <./Images/Cluster_Combi_MSE_plot.jpg>]
<Images/Cluster_Combi_STAR_MSE_plot.jpg, id=135, 481.8pt x 481.8pt>
File: Images/Cluster_Combi_STAR_MSE_plot.jpg Graphic file (type jpg)
<use Images/Cluster_Combi_STAR_MSE_plot.jpg>
Package pdftex.def Info: Images/Cluster_Combi_STAR_MSE_plot.jpg  used on input 
line 829.
(pdftex.def)             Requested size: 469.77148pt x 388.81493pt.

Underfull \vbox (badness 10000) has occurred while \output is active []

 [32 <./Images/Cluster_Combi_quad_plot.jpg>]
<Images/Cluster_Combi_STAR_quad_plot.jpg, id=139, 481.8pt x 481.8pt>
File: Images/Cluster_Combi_STAR_quad_plot.jpg Graphic file (type jpg)
<use Images/Cluster_Combi_STAR_quad_plot.jpg>
Package pdftex.def Info: Images/Cluster_Combi_STAR_quad_plot.jpg  used on input
 line 836.
(pdftex.def)             Requested size: 469.77148pt x 388.81493pt.

Underfull \vbox (badness 10000) has occurred while \output is active []

 [33 <./Images/Cluster_Combi_STAR_MSE_plot.jpg>] [34 <./Images/Cluster_Combi_ST
AR_quad_plot.jpg>]
Overfull \hbox (33.21855pt too wide) in paragraph at lines 916--932
[][] 
 []


Underfull \hbox (badness 10000) in paragraph at lines 935--936

 []


Underfull \hbox (badness 10000) in paragraph at lines 937--938

 []

[35]
Underfull \hbox (badness 10000) in paragraph at lines 943--944

 []


Underfull \hbox (badness 10000) in paragraph at lines 945--946

 []

[36]
<Images/distplot_cloud.png, id=152, 578.16pt x 289.08pt>
File: Images/distplot_cloud.png Graphic file (type png)
<use Images/distplot_cloud.png>
Package pdftex.def Info: Images/distplot_cloud.png  used on input line 978.
(pdftex.def)             Requested size: 281.85406pt x 194.40158pt.
<Images/distplot_gust.png, id=154, 578.16pt x 289.08pt>
File: Images/distplot_gust.png Graphic file (type png)
<use Images/distplot_gust.png>
Package pdftex.def Info: Images/distplot_gust.png  used on input line 985.
(pdftex.def)             Requested size: 281.85406pt x 194.40158pt.
<Images/distplot_humidity.png, id=155, 578.16pt x 289.08pt>
File: Images/distplot_humidity.png Graphic file (type png)
<use Images/distplot_humidity.png>
Package pdftex.def Info: Images/distplot_humidity.png  used on input line 992.
(pdftex.def)             Requested size: 281.85406pt x 194.40158pt.

Underfull \vbox (badness 7468) has occurred while \output is active []

 [37 <./Images/distplot_cloud.png> <./Images/distplot_gust.png>]
<Images/distplot_pressure.png, id=162, 578.16pt x 289.08pt>
File: Images/distplot_pressure.png Graphic file (type png)
<use Images/distplot_pressure.png>
Package pdftex.def Info: Images/distplot_pressure.png  used on input line 999.
(pdftex.def)             Requested size: 281.85406pt x 194.40158pt.
<Images/distplot_temp.png, id=163, 578.16pt x 289.08pt>
File: Images/distplot_temp.png Graphic file (type png)
<use Images/distplot_temp.png>
Package pdftex.def Info: Images/distplot_temp.png  used on input line 1006.
(pdftex.def)             Requested size: 281.85406pt x 194.40158pt.

Underfull \vbox (badness 10000) has occurred while \output is active []

 [38 <./Images/distplot_humidity.png> <./Images/distplot_pressure.png>]
<Images/distplot_wind.png, id=169, 578.16pt x 289.08pt>
File: Images/distplot_wind.png Graphic file (type png)
<use Images/distplot_wind.png>
Package pdftex.def Info: Images/distplot_wind.png  used on input line 1013.
(pdftex.def)             Requested size: 281.85406pt x 194.40158pt.
<Images/wind_mean_demand.jpg, id=170, 578.16pt x 289.08pt>
File: Images/wind_mean_demand.jpg Graphic file (type jpg)
<use Images/wind_mean_demand.jpg>
Package pdftex.def Info: Images/wind_mean_demand.jpg  used on input line 1022.
(pdftex.def)             Requested size: 281.85406pt x 194.40158pt.

Underfull \vbox (badness 10000) has occurred while \output is active []

 [39 <./Images/distplot_temp.png> <./Images/distplot_wind.png>]
<Images/gust_mean_demand.jpg, id=176, 578.16pt x 289.08pt>
File: Images/gust_mean_demand.jpg Graphic file (type jpg)
<use Images/gust_mean_demand.jpg>
Package pdftex.def Info: Images/gust_mean_demand.jpg  used on input line 1029.
(pdftex.def)             Requested size: 281.85406pt x 194.40158pt.
<Images/cloud_mean_demand.jpg, id=177, 578.16pt x 289.08pt>
File: Images/cloud_mean_demand.jpg Graphic file (type jpg)
<use Images/cloud_mean_demand.jpg>
Package pdftex.def Info: Images/cloud_mean_demand.jpg  used on input line 1036.

(pdftex.def)             Requested size: 281.85406pt x 194.40158pt.

Underfull \vbox (badness 10000) has occurred while \output is active []

 [40 <./Images/wind_mean_demand.jpg> <./Images/gust_mean_demand.jpg>]
<Images/humidity_mean_demand.jpg, id=181, 578.16pt x 289.08pt>
File: Images/humidity_mean_demand.jpg Graphic file (type jpg)
<use Images/humidity_mean_demand.jpg>
Package pdftex.def Info: Images/humidity_mean_demand.jpg  used on input line 10
43.
(pdftex.def)             Requested size: 281.85406pt x 194.40158pt.
<Images/prec_mean_demand.jpg, id=182, 578.16pt x 289.08pt>
File: Images/prec_mean_demand.jpg Graphic file (type jpg)
<use Images/prec_mean_demand.jpg>
Package pdftex.def Info: Images/prec_mean_demand.jpg  used on input line 1050.
(pdftex.def)             Requested size: 281.85406pt x 194.40158pt.

Underfull \vbox (badness 10000) has occurred while \output is active []

 [41 <./Images/cloud_mean_demand.jpg> <./Images/humidity_mean_demand.jpg>] [42 
<./Images/prec_mean_demand.jpg>] (./Thesis.bbl

LaTeX Font Warning: Font shape `OML/cmm/m/it' in size <6.5> not available
(Font)              size <6> substituted on input line 15.


LaTeX Font Warning: Font shape `OMS/cmsy/m/n' in size <6.5> not available
(Font)              size <6> substituted on input line 15.


LaTeX Font Warning: Font shape `OT1/cmr/bx/n' in size <6.5> not available
(Font)              size <6> substituted on input line 15.


LaTeX Font Warning: Font shape `OML/cmm/b/it' in size <6.5> not available
(Font)              size <6> substituted on input line 15.


LaTeX Font Warning: Font shape `OMS/cmsy/b/n' in size <6.5> not available
(Font)              size <6> substituted on input line 15.

[43]) [44] (./Thesis.aux)

LaTeX Font Warning: Size substitutions with differences
(Font)              up to 0.5pt have occurred.

 ) 
Here is how much of TeX's memory you used:
 5267 strings out of 492609
 75646 string characters out of 6131462
 152612 words of memory out of 5000000
 9078 multiletter control sequences out of 15000+600000
 17610 words of font info for 65 fonts, out of 8000000 for 9000
 1141 hyphenation exceptions out of 8191
 42i,15n,38p,1128b,621s stack positions out of 5000i,500n,10000p,200000b,80000s
</usr/share/texlive/texmf-dist/fonts/type1/public/amsfonts/cm/cmbx10.pfb></us
r/share/texlive/texmf-dist/fonts/type1/public/amsfonts/cm/cmbx7.pfb></usr/share
/texlive/texmf-dist/fonts/type1/public/amsfonts/cm/cmex10.pfb></usr/share/texli
ve/texmf-dist/fonts/type1/public/amsfonts/cmextra/cmex7.pfb></usr/share/texlive
/texmf-dist/fonts/type1/public/amsfonts/cm/cmmi10.pfb></usr/share/texlive/texmf
-dist/fonts/type1/public/amsfonts/cm/cmmi6.pfb></usr/share/texlive/texmf-dist/f
onts/type1/public/amsfonts/cm/cmmi7.pfb></usr/share/texlive/texmf-dist/fonts/ty
pe1/public/amsfonts/cm/cmr10.pfb></usr/share/texlive/texmf-dist/fonts/type1/pub
lic/amsfonts/cm/cmr6.pfb></usr/share/texlive/texmf-dist/fonts/type1/public/amsf
onts/cm/cmr7.pfb></usr/share/texlive/texmf-dist/fonts/type1/public/amsfonts/cm/
cmr8.pfb></usr/share/texlive/texmf-dist/fonts/type1/public/amsfonts/cm/cmr9.pfb
></usr/share/texlive/texmf-dist/fonts/type1/public/amsfonts/cm/cmssbx10.pfb></u
sr/share/texlive/texmf-dist/fonts/type1/public/amsfonts/cm/cmsy10.pfb></usr/sha
re/texlive/texmf-dist/fonts/type1/public/amsfonts/cm/cmsy7.pfb></usr/share/texl
ive/texmf-dist/fonts/type1/public/amsfonts/cm/cmti10.pfb></usr/share/texlive/te
xmf-dist/fonts/type1/public/amsfonts/cm/cmti7.pfb></usr/share/texlive/texmf-dis
t/fonts/type1/public/amsfonts/cm/cmti9.pfb></usr/share/texlive/texmf-dist/fonts
/type1/public/amsfonts/cm/cmtt10.pfb>
Output written on Thesis.pdf (44 pages, 1733920 bytes).
PDF statistics:
 260 PDF objects out of 1000 (max. 8388607)
 158 compressed objects within 2 object streams
 0 named destinations out of 1000 (max. 500000)
 146 words of extra memory for PDF output out of 10000 (max. 10000000)

